
13:29:51.126 [Timer-0] INFO  by.epam.learn.mudrahelau.sheduler.PaymentChecker - Client {51}. The bill is paid.
13:29:51.150 [Timer-0] INFO  by.epam.learn.mudrahelau.sheduler.PaymentChecker - Client {52}. The bill is paid.
13:29:51.153 [Timer-0] INFO  by.epam.learn.mudrahelau.sheduler.PaymentChecker - Client {54}. The bill is paid.
13:29:51.158 [Timer-0] INFO  by.epam.learn.mudrahelau.sheduler.PaymentChecker - Client {58}. The bill is paid.
13:29:51.164 [Timer-0] INFO  by.epam.learn.mudrahelau.sheduler.PaymentChecker - Client {59} does not have enough money on balance. Status changed to BLOCKED
13:29:51.166 [Timer-0] INFO  by.epam.learn.mudrahelau.sheduler.PaymentChecker - Client {61}. The bill is paid.
13:31:16.386 [http-nio-8080-exec-8] INFO  by.epam.learn.mudrahelau.service.ClientService - Client{54} requested the payments history
13:34:50.245 [Timer-0] INFO  by.epam.learn.mudrahelau.sheduler.PaymentChecker - Client {51}. The bill is paid.
13:34:50.250 [Timer-0] INFO  by.epam.learn.mudrahelau.sheduler.PaymentChecker - Client {52}. The bill is paid.
13:34:50.254 [Timer-0] INFO  by.epam.learn.mudrahelau.sheduler.PaymentChecker - Client {54}. The bill is paid.
13:34:50.263 [Timer-0] INFO  by.epam.learn.mudrahelau.sheduler.PaymentChecker - Client {58}. The bill is paid.
13:34:50.272 [Timer-0] INFO  by.epam.learn.mudrahelau.sheduler.PaymentChecker - Client {61}. The bill is paid.
13:37:11.352 [http-nio-8080-exec-8] INFO  by.epam.learn.mudrahelau.service.ClientService - Client{54} requested the payments history
13:37:57.721 [http-nio-8080-exec-2] INFO  by.epam.learn.mudrahelau.service.ClientService - Client{54} requested the payments history
13:38:51.571 [http-nio-8080-exec-5] INFO  by.epam.learn.mudrahelau.service.ClientService - Client{54} requested the payments history
13:39:16.324 [http-nio-8080-exec-7] INFO  by.epam.learn.mudrahelau.service.ClientService - Client{54} requested the payments history
13:39:28.600 [http-nio-8080-exec-9] INFO  by.epam.learn.mudrahelau.service.ClientService - Client{54} requested the payments history
13:39:41.385 [http-nio-8080-exec-2] INFO  by.epam.learn.mudrahelau.service.ClientService - Client{54} requested the payments history
13:39:50.245 [Timer-0] INFO  by.epam.learn.mudrahelau.sheduler.PaymentChecker - Client {51}. The bill is paid.
13:39:50.249 [Timer-0] INFO  by.epam.learn.mudrahelau.sheduler.PaymentChecker - Client {52}. The bill is paid.
13:39:50.252 [Timer-0] INFO  by.epam.learn.mudrahelau.sheduler.PaymentChecker - Client {54}. The bill is paid.
13:39:50.257 [Timer-0] INFO  by.epam.learn.mudrahelau.sheduler.PaymentChecker - Client {58}. The bill is paid.
13:39:50.261 [Timer-0] INFO  by.epam.learn.mudrahelau.sheduler.PaymentChecker - Client {61}. The bill is paid.
13:40:01.631 [http-nio-8080-exec-1] INFO  by.epam.learn.mudrahelau.service.ClientService - Client{54} requested the payments history
13:40:16.496 [http-nio-8080-exec-4] INFO  by.epam.learn.mudrahelau.service.ClientService - Client{54} requested the payments history
13:40:18.495 [http-nio-8080-exec-6] INFO  by.epam.learn.mudrahelau.service.ClientService - Client{54} requested the payments history
13:40:36.867 [http-nio-8080-exec-8] INFO  by.epam.learn.mudrahelau.service.ClientService - Client{54} requested the payments history
13:40:54.439 [http-nio-8080-exec-10] INFO  by.epam.learn.mudrahelau.service.ClientService - Client{54} requested the payments history
13:44:50.245 [Timer-0] INFO  by.epam.learn.mudrahelau.sheduler.PaymentChecker - Client {51}. The bill is paid.
13:44:50.248 [Timer-0] INFO  by.epam.learn.mudrahelau.sheduler.PaymentChecker - Client {52}. The bill is paid.
13:44:50.252 [Timer-0] INFO  by.epam.learn.mudrahelau.sheduler.PaymentChecker - Client {54}. The bill is paid.
13:44:50.264 [Timer-0] INFO  by.epam.learn.mudrahelau.sheduler.PaymentChecker - Client {58}. The bill is paid.
13:44:50.273 [Timer-0] INFO  by.epam.learn.mudrahelau.sheduler.PaymentChecker - Client {61}. The bill is paid.
13:49:50.244 [Timer-0] INFO  by.epam.learn.mudrahelau.sheduler.PaymentChecker - Client {51}. The bill is paid.
13:49:50.246 [Timer-0] INFO  by.epam.learn.mudrahelau.sheduler.PaymentChecker - Client {52}. The bill is paid.
13:49:50.248 [Timer-0] INFO  by.epam.learn.mudrahelau.sheduler.PaymentChecker - Client {54}. The bill is paid.
13:49:50.252 [Timer-0] INFO  by.epam.learn.mudrahelau.sheduler.PaymentChecker - Client {58}. The bill is paid.
13:49:50.256 [Timer-0] INFO  by.epam.learn.mudrahelau.sheduler.PaymentChecker - Client {61}. The bill is paid.
13:51:16.619 [Timer-0] INFO  by.epam.learn.mudrahelau.sheduler.PaymentChecker - Client {51}. The bill is paid.
13:51:16.686 [Timer-0] INFO  by.epam.learn.mudrahelau.sheduler.PaymentChecker - Client {52}. The bill is paid.
13:51:16.689 [Timer-0] INFO  by.epam.learn.mudrahelau.sheduler.PaymentChecker - Client {54}. The bill is paid.
13:51:16.698 [Timer-0] INFO  by.epam.learn.mudrahelau.sheduler.PaymentChecker - Client {58}. The bill is paid.
13:51:16.715 [Timer-0] INFO  by.epam.learn.mudrahelau.sheduler.PaymentChecker - Client {61}. The bill is paid.
13:51:26.234 [http-nio-8080-exec-8] INFO  by.epam.learn.mudrahelau.service.ClientService - Client{54} requested the payments history
13:51:31.223 [http-nio-8080-exec-10] INFO  by.epam.learn.mudrahelau.service.ClientService - Client{54} requested the payments history
13:51:31.660 [http-nio-8080-exec-1] INFO  by.epam.learn.mudrahelau.service.ClientService - Client{54} requested the payments history
13:51:32.760 [http-nio-8080-exec-2] INFO  by.epam.learn.mudrahelau.service.ClientService - Client{54} requested the payments history
13:51:32.930 [http-nio-8080-exec-3] INFO  by.epam.learn.mudrahelau.service.ClientService - Client{54} requested the payments history
13:51:33.088 [http-nio-8080-exec-4] INFO  by.epam.learn.mudrahelau.service.ClientService - Client{54} requested the payments history
13:51:33.240 [http-nio-8080-exec-5] INFO  by.epam.learn.mudrahelau.service.ClientService - Client{54} requested the payments history
13:51:33.403 [http-nio-8080-exec-6] INFO  by.epam.learn.mudrahelau.service.ClientService - Client{54} requested the payments history
13:51:33.571 [http-nio-8080-exec-7] INFO  by.epam.learn.mudrahelau.service.ClientService - Client{54} requested the payments history
13:51:33.713 [http-nio-8080-exec-8] INFO  by.epam.learn.mudrahelau.service.ClientService - Client{54} requested the payments history
13:51:33.871 [http-nio-8080-exec-9] INFO  by.epam.learn.mudrahelau.service.ClientService - Client{54} requested the payments history
13:51:34.035 [http-nio-8080-exec-10] INFO  by.epam.learn.mudrahelau.service.ClientService - Client{54} requested the payments history
13:51:34.184 [http-nio-8080-exec-1] INFO  by.epam.learn.mudrahelau.service.ClientService - Client{54} requested the payments history
13:51:34.335 [http-nio-8080-exec-2] INFO  by.epam.learn.mudrahelau.service.ClientService - Client{54} requested the payments history
13:51:34.489 [http-nio-8080-exec-3] INFO  by.epam.learn.mudrahelau.service.ClientService - Client{54} requested the payments history
13:51:34.625 [http-nio-8080-exec-4] INFO  by.epam.learn.mudrahelau.service.ClientService - Client{54} requested the payments history
13:51:34.768 [http-nio-8080-exec-5] INFO  by.epam.learn.mudrahelau.service.ClientService - Client{54} requested the payments history
13:53:13.705 [http-nio-8080-exec-3] INFO  by.epam.learn.mudrahelau.service.ClientService - Client{54} requested the payments history
13:53:43.528 [http-nio-8080-exec-7] INFO  by.epam.learn.mudrahelau.service.AdminService - User{61} deleted
13:56:15.932 [Timer-0] INFO  by.epam.learn.mudrahelau.sheduler.PaymentChecker - Client {51}. The bill is paid.
13:56:15.936 [Timer-0] INFO  by.epam.learn.mudrahelau.sheduler.PaymentChecker - Client {52}. The bill is paid.
13:56:15.940 [Timer-0] INFO  by.epam.learn.mudrahelau.sheduler.PaymentChecker - Client {54}. The bill is paid.
13:56:15.950 [Timer-0] INFO  by.epam.learn.mudrahelau.sheduler.PaymentChecker - Client {58}. The bill is paid.
14:01:15.930 [Timer-0] INFO  by.epam.learn.mudrahelau.sheduler.PaymentChecker - Client {51}. The bill is paid.
14:01:15.932 [Timer-0] INFO  by.epam.learn.mudrahelau.sheduler.PaymentChecker - Client {52}. The bill is paid.
14:01:15.934 [Timer-0] INFO  by.epam.learn.mudrahelau.sheduler.PaymentChecker - Client {54}. The bill is paid.
14:01:15.939 [Timer-0] INFO  by.epam.learn.mudrahelau.sheduler.PaymentChecker - Client {58}. The bill is paid.
14:06:15.932 [Timer-0] INFO  by.epam.learn.mudrahelau.sheduler.PaymentChecker - Client {51}. The bill is paid.
14:06:15.935 [Timer-0] INFO  by.epam.learn.mudrahelau.sheduler.PaymentChecker - Client {52}. The bill is paid.
14:06:15.939 [Timer-0] INFO  by.epam.learn.mudrahelau.sheduler.PaymentChecker - Client {54}. The bill is paid.
14:06:15.947 [Timer-0] INFO  by.epam.learn.mudrahelau.sheduler.PaymentChecker - Client {58}. The bill is paid.
14:11:15.932 [Timer-0] INFO  by.epam.learn.mudrahelau.sheduler.PaymentChecker - Client {51}. The bill is paid.
14:11:15.934 [Timer-0] INFO  by.epam.learn.mudrahelau.sheduler.PaymentChecker - Client {52}. The bill is paid.
14:11:15.936 [Timer-0] INFO  by.epam.learn.mudrahelau.sheduler.PaymentChecker - Client {54}. The bill is paid.
14:11:15.941 [Timer-0] INFO  by.epam.learn.mudrahelau.sheduler.PaymentChecker - Client {58}. The bill is paid.
14:13:58.425 [http-nio-8080-exec-5] INFO  by.epam.learn.mudrahelau.service.ClientService - Client{54} requested the payments history
14:14:32.219 [http-nio-8080-exec-8] INFO  by.epam.learn.mudrahelau.service.ClientService - Client{54} requested the payments history
14:14:49.916 [http-nio-8080-exec-10] INFO  by.epam.learn.mudrahelau.service.ClientService - Client{54} requested the payments history
14:15:02.998 [http-nio-8080-exec-2] INFO  by.epam.learn.mudrahelau.service.ClientService - Client{54} requested the payments history
14:15:15.752 [http-nio-8080-exec-4] INFO  by.epam.learn.mudrahelau.service.ClientService - Client{54} requested the payments history
14:15:29.493 [http-nio-8080-exec-7] INFO  by.epam.learn.mudrahelau.service.ClientService - Client{54} requested the payments history
14:15:32.051 [http-nio-8080-exec-6] INFO  by.epam.learn.mudrahelau.service.ClientService - Client{54} requested the payments history
14:15:37.630 [http-nio-8080-exec-8] INFO  by.epam.learn.mudrahelau.service.ClientService - Client{54} requested the payments history
14:15:43.320 [http-nio-8080-exec-10] INFO  by.epam.learn.mudrahelau.service.ClientService - Client{54} requested the payments history
14:16:15.932 [Timer-0] INFO  by.epam.learn.mudrahelau.sheduler.PaymentChecker - Client {51}. The bill is paid.
14:16:15.934 [Timer-0] INFO  by.epam.learn.mudrahelau.sheduler.PaymentChecker - Client {52}. The bill is paid.
14:16:15.936 [Timer-0] INFO  by.epam.learn.mudrahelau.sheduler.PaymentChecker - Client {54}. The bill is paid.
14:16:15.941 [Timer-0] INFO  by.epam.learn.mudrahelau.sheduler.PaymentChecker - Client {58}. The bill is paid.
14:21:15.937 [Timer-0] INFO  by.epam.learn.mudrahelau.sheduler.PaymentChecker - Client {51}. The bill is paid.
14:21:15.940 [Timer-0] INFO  by.epam.learn.mudrahelau.sheduler.PaymentChecker - Client {52}. The bill is paid.
14:21:15.943 [Timer-0] INFO  by.epam.learn.mudrahelau.sheduler.PaymentChecker - Client {54}. The bill is paid.
14:21:15.953 [Timer-0] INFO  by.epam.learn.mudrahelau.sheduler.PaymentChecker - Client {58}. The bill is paid.
14:26:15.937 [Timer-0] INFO  by.epam.learn.mudrahelau.sheduler.PaymentChecker - Client {51}. The bill is paid.
14:26:15.941 [Timer-0] INFO  by.epam.learn.mudrahelau.sheduler.PaymentChecker - Client {52}. The bill is paid.
14:26:15.944 [Timer-0] INFO  by.epam.learn.mudrahelau.sheduler.PaymentChecker - Client {54}. The bill is paid.
14:26:15.951 [Timer-0] INFO  by.epam.learn.mudrahelau.sheduler.PaymentChecker - Client {58}. The bill is paid.
14:31:15.937 [Timer-0] INFO  by.epam.learn.mudrahelau.sheduler.PaymentChecker - Client {51}. The bill is paid.
14:31:15.940 [Timer-0] INFO  by.epam.learn.mudrahelau.sheduler.PaymentChecker - Client {52}. The bill is paid.
14:31:15.944 [Timer-0] INFO  by.epam.learn.mudrahelau.sheduler.PaymentChecker - Client {54}. The bill is paid.
14:31:15.951 [Timer-0] INFO  by.epam.learn.mudrahelau.sheduler.PaymentChecker - Client {58}. The bill is paid.
14:36:15.934 [Timer-0] INFO  by.epam.learn.mudrahelau.sheduler.PaymentChecker - Client {51}. The bill is paid.
14:36:15.936 [Timer-0] INFO  by.epam.learn.mudrahelau.sheduler.PaymentChecker - Client {52}. The bill is paid.
14:36:15.937 [Timer-0] INFO  by.epam.learn.mudrahelau.sheduler.PaymentChecker - Client {54}. The bill is paid.
14:36:15.941 [Timer-0] INFO  by.epam.learn.mudrahelau.sheduler.PaymentChecker - Client {58}. The bill is paid.
14:40:23.707 [Timer-0] INFO  by.epam.learn.mudrahelau.sheduler.PaymentChecker - Client {51}. The bill is paid.
14:40:23.729 [Timer-0] INFO  by.epam.learn.mudrahelau.sheduler.PaymentChecker - Client {52}. The bill is paid.
14:40:23.731 [Timer-0] INFO  by.epam.learn.mudrahelau.sheduler.PaymentChecker - Client {54}. The bill is paid.
14:40:23.737 [Timer-0] INFO  by.epam.learn.mudrahelau.sheduler.PaymentChecker - Client {58}. The bill is paid.
14:41:47.368 [Timer-0] INFO  by.epam.learn.mudrahelau.sheduler.PaymentChecker - Client {51}. The bill is paid.
14:41:47.402 [Timer-0] INFO  by.epam.learn.mudrahelau.sheduler.PaymentChecker - Client {52}. The bill is paid.
14:41:47.405 [Timer-0] INFO  by.epam.learn.mudrahelau.sheduler.PaymentChecker - Client {54}. The bill is paid.
14:41:47.412 [Timer-0] INFO  by.epam.learn.mudrahelau.sheduler.PaymentChecker - Client {58}. The bill is paid.
14:42:46.090 [Timer-0] INFO  by.epam.learn.mudrahelau.sheduler.PaymentChecker - Client {51}. The bill is paid.
14:42:46.112 [Timer-0] INFO  by.epam.learn.mudrahelau.sheduler.PaymentChecker - Client {52}. The bill is paid.
14:42:46.115 [Timer-0] INFO  by.epam.learn.mudrahelau.sheduler.PaymentChecker - Client {54}. The bill is paid.
14:42:46.121 [Timer-0] INFO  by.epam.learn.mudrahelau.sheduler.PaymentChecker - Client {58}. The bill is paid.
14:47:45.563 [Timer-0] INFO  by.epam.learn.mudrahelau.sheduler.PaymentChecker - Client {51}. The bill is paid.
14:47:45.572 [Timer-0] INFO  by.epam.learn.mudrahelau.sheduler.PaymentChecker - Client {52}. The bill is paid.
14:47:45.575 [Timer-0] INFO  by.epam.learn.mudrahelau.sheduler.PaymentChecker - Client {54}. The bill is paid.
14:47:45.583 [Timer-0] INFO  by.epam.learn.mudrahelau.sheduler.PaymentChecker - Client {58}. The bill is paid.
14:52:45.564 [Timer-0] INFO  by.epam.learn.mudrahelau.sheduler.PaymentChecker - Client {51}. The bill is paid.
14:52:45.567 [Timer-0] INFO  by.epam.learn.mudrahelau.sheduler.PaymentChecker - Client {52}. The bill is paid.
14:52:45.571 [Timer-0] INFO  by.epam.learn.mudrahelau.sheduler.PaymentChecker - Client {54}. The bill is paid.
14:52:45.581 [Timer-0] INFO  by.epam.learn.mudrahelau.sheduler.PaymentChecker - Client {58}. The bill is paid.
14:57:45.562 [Timer-0] INFO  by.epam.learn.mudrahelau.sheduler.PaymentChecker - Client {51}. The bill is paid.
14:57:45.565 [Timer-0] INFO  by.epam.learn.mudrahelau.sheduler.PaymentChecker - Client {52}. The bill is paid.
14:57:45.568 [Timer-0] INFO  by.epam.learn.mudrahelau.sheduler.PaymentChecker - Client {54}. The bill is paid.
14:57:45.573 [Timer-0] INFO  by.epam.learn.mudrahelau.sheduler.PaymentChecker - Client {58}. The bill is paid.
15:01:14.530 [Timer-0] INFO  by.epam.learn.mudrahelau.sheduler.PaymentChecker - Client {51}. The bill is paid.
15:01:14.557 [Timer-0] INFO  by.epam.learn.mudrahelau.sheduler.PaymentChecker - Client {52}. The bill is paid.
15:01:14.560 [Timer-0] INFO  by.epam.learn.mudrahelau.sheduler.PaymentChecker - Client {54}. The bill is paid.
15:01:14.567 [Timer-0] INFO  by.epam.learn.mudrahelau.sheduler.PaymentChecker - Client {58}. The bill is paid.
15:08:40.986 [Timer-0] INFO  by.epam.learn.mudrahelau.sheduler.PaymentChecker - Client {51}. The bill is paid.
15:08:41.033 [Timer-0] INFO  by.epam.learn.mudrahelau.sheduler.PaymentChecker - Client {52}. The bill is paid.
15:08:41.049 [Timer-0] INFO  by.epam.learn.mudrahelau.sheduler.PaymentChecker - Client {54}. The bill is paid.
15:08:41.049 [Timer-0] INFO  by.epam.learn.mudrahelau.sheduler.PaymentChecker - Client {58}. The bill is paid.
15:13:39.679 [Timer-0] INFO  by.epam.learn.mudrahelau.sheduler.PaymentChecker - Client {51}. The bill is paid.
15:13:39.682 [Timer-0] INFO  by.epam.learn.mudrahelau.sheduler.PaymentChecker - Client {52}. The bill is paid.
15:13:39.685 [Timer-0] INFO  by.epam.learn.mudrahelau.sheduler.PaymentChecker - Client {54}. The bill is paid.
15:13:39.692 [Timer-0] INFO  by.epam.learn.mudrahelau.sheduler.PaymentChecker - Client {58}. The bill is paid.
15:16:29.060 [Timer-0] INFO  by.epam.learn.mudrahelau.sheduler.PaymentChecker - Client {51}. The bill is paid.
15:16:29.085 [Timer-0] INFO  by.epam.learn.mudrahelau.sheduler.PaymentChecker - Client {52}. The bill is paid.
15:16:29.088 [Timer-0] INFO  by.epam.learn.mudrahelau.sheduler.PaymentChecker - Client {54}. The bill is paid.
15:16:29.096 [Timer-0] INFO  by.epam.learn.mudrahelau.sheduler.PaymentChecker - Client {58}. The bill is paid.
15:21:28.468 [Timer-0] INFO  by.epam.learn.mudrahelau.sheduler.PaymentChecker - Client {51}. The bill is paid.
15:21:28.475 [Timer-0] INFO  by.epam.learn.mudrahelau.sheduler.PaymentChecker - Client {52}. The bill is paid.
15:21:28.479 [Timer-0] INFO  by.epam.learn.mudrahelau.sheduler.PaymentChecker - Client {54}. The bill is paid.
15:21:28.491 [Timer-0] INFO  by.epam.learn.mudrahelau.sheduler.PaymentChecker - Client {58}. The bill is paid.
15:26:28.469 [Timer-0] INFO  by.epam.learn.mudrahelau.sheduler.PaymentChecker - Client {51}. The bill is paid.
15:26:28.473 [Timer-0] INFO  by.epam.learn.mudrahelau.sheduler.PaymentChecker - Client {52}. The bill is paid.
15:26:28.475 [Timer-0] INFO  by.epam.learn.mudrahelau.sheduler.PaymentChecker - Client {54}. The bill is paid.
15:26:28.481 [Timer-0] INFO  by.epam.learn.mudrahelau.sheduler.PaymentChecker - Client {58}. The bill is paid.
15:31:28.469 [Timer-0] INFO  by.epam.learn.mudrahelau.sheduler.PaymentChecker - Client {51}. The bill is paid.
15:31:28.473 [Timer-0] INFO  by.epam.learn.mudrahelau.sheduler.PaymentChecker - Client {52}. The bill is paid.
15:31:28.478 [Timer-0] INFO  by.epam.learn.mudrahelau.sheduler.PaymentChecker - Client {54}. The bill is paid.
15:31:28.489 [Timer-0] INFO  by.epam.learn.mudrahelau.sheduler.PaymentChecker - Client {58}. The bill is paid.
15:36:28.468 [Timer-0] INFO  by.epam.learn.mudrahelau.sheduler.PaymentChecker - Client {51}. The bill is paid.
15:36:28.473 [Timer-0] INFO  by.epam.learn.mudrahelau.sheduler.PaymentChecker - Client {52}. The bill is paid.
15:36:28.476 [Timer-0] INFO  by.epam.learn.mudrahelau.sheduler.PaymentChecker - Client {54}. The bill is paid.
15:36:28.482 [Timer-0] INFO  by.epam.learn.mudrahelau.sheduler.PaymentChecker - Client {58}. The bill is paid.
15:41:28.466 [Timer-0] INFO  by.epam.learn.mudrahelau.sheduler.PaymentChecker - Client {51}. The bill is paid.
15:41:28.466 [Timer-0] INFO  by.epam.learn.mudrahelau.sheduler.PaymentChecker - Client {52}. The bill is paid.
15:41:28.466 [Timer-0] INFO  by.epam.learn.mudrahelau.sheduler.PaymentChecker - Client {54}. The bill is paid.
15:41:28.466 [Timer-0] INFO  by.epam.learn.mudrahelau.sheduler.PaymentChecker - Client {58}. The bill is paid.
15:46:28.470 [Timer-0] INFO  by.epam.learn.mudrahelau.sheduler.PaymentChecker - Client {51}. The bill is paid.
15:46:28.474 [Timer-0] INFO  by.epam.learn.mudrahelau.sheduler.PaymentChecker - Client {52}. The bill is paid.
15:46:28.478 [Timer-0] INFO  by.epam.learn.mudrahelau.sheduler.PaymentChecker - Client {54}. The bill is paid.
15:46:28.488 [Timer-0] INFO  by.epam.learn.mudrahelau.sheduler.PaymentChecker - Client {58}. The bill is paid.
15:50:26.229 [Timer-0] INFO  by.epam.learn.mudrahelau.sheduler.PaymentChecker - Client {51}. The bill is paid.
15:50:26.270 [Timer-0] INFO  by.epam.learn.mudrahelau.sheduler.PaymentChecker - Client {52}. The bill is paid.
15:50:26.275 [Timer-0] INFO  by.epam.learn.mudrahelau.sheduler.PaymentChecker - Client {54}. The bill is paid.
15:50:26.286 [Timer-0] INFO  by.epam.learn.mudrahelau.sheduler.PaymentChecker - Client {58}. The bill is paid.
15:55:25.345 [Timer-0] INFO  by.epam.learn.mudrahelau.sheduler.PaymentChecker - Client {51}. The bill is paid.
15:55:25.348 [Timer-0] INFO  by.epam.learn.mudrahelau.sheduler.PaymentChecker - Client {52}. The bill is paid.
15:55:25.351 [Timer-0] INFO  by.epam.learn.mudrahelau.sheduler.PaymentChecker - Client {54}. The bill is paid.
15:55:25.362 [Timer-0] INFO  by.epam.learn.mudrahelau.sheduler.PaymentChecker - Client {58}. The bill is paid.
16:00:25.344 [Timer-0] INFO  by.epam.learn.mudrahelau.sheduler.PaymentChecker - Client {51}. The bill is paid.
16:00:25.348 [Timer-0] INFO  by.epam.learn.mudrahelau.sheduler.PaymentChecker - Client {52}. The bill is paid.
16:00:25.350 [Timer-0] INFO  by.epam.learn.mudrahelau.sheduler.PaymentChecker - Client {54}. The bill is paid.
16:00:25.357 [Timer-0] INFO  by.epam.learn.mudrahelau.sheduler.PaymentChecker - Client {58}. The bill is paid.
16:05:25.349 [Timer-0] INFO  by.epam.learn.mudrahelau.sheduler.PaymentChecker - Client {51}. The bill is paid.
16:05:25.354 [Timer-0] INFO  by.epam.learn.mudrahelau.sheduler.PaymentChecker - Client {52}. The bill is paid.
16:05:25.358 [Timer-0] INFO  by.epam.learn.mudrahelau.sheduler.PaymentChecker - Client {54}. The bill is paid.
16:05:25.369 [Timer-0] INFO  by.epam.learn.mudrahelau.sheduler.PaymentChecker - Client {58}. The bill is paid.
16:10:25.347 [Timer-0] INFO  by.epam.learn.mudrahelau.sheduler.PaymentChecker - Client {51}. The bill is paid.
16:10:25.353 [Timer-0] INFO  by.epam.learn.mudrahelau.sheduler.PaymentChecker - Client {52}. The bill is paid.
16:10:25.357 [Timer-0] INFO  by.epam.learn.mudrahelau.sheduler.PaymentChecker - Client {54}. The bill is paid.
16:10:25.369 [Timer-0] INFO  by.epam.learn.mudrahelau.sheduler.PaymentChecker - Client {58}. The bill is paid.
16:15:25.346 [Timer-0] INFO  by.epam.learn.mudrahelau.sheduler.PaymentChecker - Client {51}. The bill is paid.
16:15:25.349 [Timer-0] INFO  by.epam.learn.mudrahelau.sheduler.PaymentChecker - Client {52}. The bill is paid.
16:15:25.351 [Timer-0] INFO  by.epam.learn.mudrahelau.sheduler.PaymentChecker - Client {54}. The bill is paid.
16:15:25.357 [Timer-0] INFO  by.epam.learn.mudrahelau.sheduler.PaymentChecker - Client {58}. The bill is paid.
16:20:25.356 [Timer-0] INFO  by.epam.learn.mudrahelau.sheduler.PaymentChecker - Client {51}. The bill is paid.
16:20:25.358 [Timer-0] INFO  by.epam.learn.mudrahelau.sheduler.PaymentChecker - Client {52}. The bill is paid.
16:20:25.360 [Timer-0] INFO  by.epam.learn.mudrahelau.sheduler.PaymentChecker - Client {54}. The bill is paid.
16:20:25.366 [Timer-0] INFO  by.epam.learn.mudrahelau.sheduler.PaymentChecker - Client {58}. The bill is paid.
16:24:46.762 [http-nio-8080-exec-5] INFO  by.epam.learn.mudrahelau.service.ClientService - Client{54} requested the payments history
16:25:25.360 [Timer-0] INFO  by.epam.learn.mudrahelau.sheduler.PaymentChecker - Client {51} does not have enough money on balance. Status changed to BLOCKED
16:25:25.365 [Timer-0] INFO  by.epam.learn.mudrahelau.sheduler.PaymentChecker - Client {52}. The bill is paid.
16:25:25.368 [Timer-0] INFO  by.epam.learn.mudrahelau.sheduler.PaymentChecker - Client {54}. The bill is paid.
16:25:25.381 [Timer-0] INFO  by.epam.learn.mudrahelau.sheduler.PaymentChecker - Client {58} does not have enough money on balance. Status changed to BLOCKED
16:25:54.120 [http-nio-8080-exec-2] INFO  by.epam.learn.mudrahelau.service.ClientService - Client{54} paid 20
16:30:25.367 [Timer-0] INFO  by.epam.learn.mudrahelau.sheduler.PaymentChecker - Client {52} does not have enough money on balance. Status changed to BLOCKED
16:30:25.371 [Timer-0] INFO  by.epam.learn.mudrahelau.sheduler.PaymentChecker - Client {54}. The bill is paid.
16:49:43.369 [Timer-0] INFO  by.epam.learn.mudrahelau.sheduler.PaymentChecker - Client {54}. The bill is paid.
16:54:42.512 [Timer-0] INFO  by.epam.learn.mudrahelau.sheduler.PaymentChecker - Client {54}. The bill is paid.
16:59:42.506 [Timer-0] INFO  by.epam.learn.mudrahelau.sheduler.PaymentChecker - Client {54}. The bill is paid.
17:04:42.506 [Timer-0] INFO  by.epam.learn.mudrahelau.sheduler.PaymentChecker - Client {54}. The bill is paid.
17:09:42.850 [Timer-0] INFO  by.epam.learn.mudrahelau.sheduler.PaymentChecker - Client {54}. The bill is paid.
17:14:42.774 [Timer-0] INFO  by.epam.learn.mudrahelau.sheduler.PaymentChecker - Client {54}. The bill is paid.
17:19:42.645 [Timer-0] INFO  by.epam.learn.mudrahelau.sheduler.PaymentChecker - Client {54}. The bill is paid.
17:24:42.692 [Timer-0] INFO  by.epam.learn.mudrahelau.sheduler.PaymentChecker - Client {54}. The bill is paid.
17:29:42.689 [Timer-0] INFO  by.epam.learn.mudrahelau.sheduler.PaymentChecker - Client {54}. The bill is paid.
17:34:42.646 [Timer-0] INFO  by.epam.learn.mudrahelau.sheduler.PaymentChecker - Client {54}. The bill is paid.
17:39:42.651 [Timer-0] INFO  by.epam.learn.mudrahelau.sheduler.PaymentChecker - Client {54}. The bill is paid.
17:44:42.680 [Timer-0] INFO  by.epam.learn.mudrahelau.sheduler.PaymentChecker - Client {54}. The bill is paid.
17:49:42.760 [Timer-0] INFO  by.epam.learn.mudrahelau.sheduler.PaymentChecker - Client {54}. The bill is paid.
17:54:42.650 [Timer-0] INFO  by.epam.learn.mudrahelau.sheduler.PaymentChecker - Client {54}. The bill is paid.
17:59:42.678 [Timer-0] INFO  by.epam.learn.mudrahelau.sheduler.PaymentChecker - Client {54}. The bill is paid.
18:04:42.647 [Timer-0] INFO  by.epam.learn.mudrahelau.sheduler.PaymentChecker - Client {54}. The bill is paid.
18:09:42.647 [Timer-0] INFO  by.epam.learn.mudrahelau.sheduler.PaymentChecker - Client {54}. The bill is paid.
18:14:42.679 [Timer-0] INFO  by.epam.learn.mudrahelau.sheduler.PaymentChecker - Client {54}. The bill is paid.
18:19:42.691 [Timer-0] INFO  by.epam.learn.mudrahelau.sheduler.PaymentChecker - Client {54}. The bill is paid.
18:24:42.689 [Timer-0] INFO  by.epam.learn.mudrahelau.sheduler.PaymentChecker - Client {54}. The bill is paid.
18:29:42.657 [Timer-0] INFO  by.epam.learn.mudrahelau.sheduler.PaymentChecker - Client {54}. The bill is paid.
18:34:42.754 [Timer-0] INFO  by.epam.learn.mudrahelau.sheduler.PaymentChecker - Client {54}. The bill is paid.
18:39:42.704 [Timer-0] INFO  by.epam.learn.mudrahelau.sheduler.PaymentChecker - Client {54}. The bill is paid.
